running develop
Removing /home/leeshin/pdr_ws/install/pdr_tools/lib/python3.10/site-packages/pdr-tools.egg-link (link to .)
running egg_info
writing ../../build/pdr_tools/pdr_tools.egg-info/PKG-INFO
writing dependency_links to ../../build/pdr_tools/pdr_tools.egg-info/dependency_links.txt
writing entry points to ../../build/pdr_tools/pdr_tools.egg-info/entry_points.txt
writing requirements to ../../build/pdr_tools/pdr_tools.egg-info/requires.txt
writing top-level names to ../../build/pdr_tools/pdr_tools.egg-info/top_level.txt
reading manifest file '../../build/pdr_tools/pdr_tools.egg-info/SOURCES.txt'
writing manifest file '../../build/pdr_tools/pdr_tools.egg-info/SOURCES.txt'
running build
running build_py
creating /home/leeshin/pdr_ws/build/pdr_tools/build
creating /home/leeshin/pdr_ws/build/pdr_tools/build/lib
creating /home/leeshin/pdr_ws/build/pdr_tools/build/lib/pdr_tools
copying pdr_tools/__init__.py -> /home/leeshin/pdr_ws/build/pdr_tools/build/lib/pdr_tools
copying pdr_tools/pose_to_odom_path.py -> /home/leeshin/pdr_ws/build/pdr_tools/build/lib/pdr_tools
running install
running install_lib
creating /home/leeshin/pdr_ws/install/pdr_tools/lib/python3.10/site-packages/pdr_tools
copying /home/leeshin/pdr_ws/build/pdr_tools/build/lib/pdr_tools/__init__.py -> /home/leeshin/pdr_ws/install/pdr_tools/lib/python3.10/site-packages/pdr_tools
copying /home/leeshin/pdr_ws/build/pdr_tools/build/lib/pdr_tools/pose_to_odom_path.py -> /home/leeshin/pdr_ws/install/pdr_tools/lib/python3.10/site-packages/pdr_tools
byte-compiling /home/leeshin/pdr_ws/install/pdr_tools/lib/python3.10/site-packages/pdr_tools/__init__.py to __init__.cpython-310.pyc
byte-compiling /home/leeshin/pdr_ws/install/pdr_tools/lib/python3.10/site-packages/pdr_tools/pose_to_odom_path.py to pose_to_odom_path.cpython-310.pyc
running install_data
copying resource/pdr_tools -> /home/leeshin/pdr_ws/install/pdr_tools/share/ament_index/resource_index/packages
copying package.xml -> /home/leeshin/pdr_ws/install/pdr_tools/share/pdr_tools
copying launch/mobile_pose.launch.py -> /home/leeshin/pdr_ws/install/pdr_tools/share/pdr_tools/launch
copying config/mobile_pose.yaml -> /home/leeshin/pdr_ws/install/pdr_tools/share/pdr_tools/config
running install_egg_info
Copying ../../build/pdr_tools/pdr_tools.egg-info to /home/leeshin/pdr_ws/install/pdr_tools/lib/python3.10/site-packages/pdr_tools-0.0.1-py3.10.egg-info
running install_scripts
Installing pose_to_odom_path script to /home/leeshin/pdr_ws/install/pdr_tools/lib/pdr_tools
writing list of installed files to '/home/leeshin/pdr_ws/build/pdr_tools/install.log'
