[0.097s] DEBUG:colcon:Command line arguments: ['/usr/bin/colcon', 'list', '-p', '--base-paths', '/home/leeshin/unity_integration']
[0.097s] DEBUG:colcon:Parsed command line arguments: Namespace(log_base=None, log_level=None, verb_name='list', build_base='build', ignore_user_meta=False, metas=['./colcon.meta'], base_paths=['/home/leeshin/unity_integration'], packages_ignore=None, packages_ignore_regex=None, paths=None, packages_up_to=None, packages_up_to_regex=None, packages_above=None, packages_above_and_dependencies=None, packages_above_depth=None, packages_select_by_dep=None, packages_skip_by_dep=None, packages_skip_up_to=None, packages_select_build_failed=False, packages_skip_build_finished=False, packages_select_test_failures=False, packages_skip_test_passed=False, packages_select=None, packages_skip=None, packages_select_regex=None, packages_skip_regex=None, packages_start=None, packages_end=None, allow_overriding=[], topological_order=False, names_only=False, paths_only=True, topological_graph=False, topological_graph_dot=False, topological_graph_density=False, topological_graph_legend=False, topological_graph_dot_cluster=False, topological_graph_dot_include_skipped=False, mixin_files=None, mixin=None, verb_parser=<colcon_mixin.mixin.mixin_argument.MixinArgumentDecorator object at 0x779724fb26e0>, verb_extension=<colcon_package_information.verb.list.ListVerb object at 0x779724fb16c0>, main=<bound method ListVerb.main of <colcon_package_information.verb.list.ListVerb object at 0x779724fb16c0>>, mixin_verb=('list',))
[0.274s] Level 1:colcon.colcon_core.package_discovery:discover_packages(colcon_meta) check parameters
[0.274s] Level 1:colcon.colcon_core.package_discovery:discover_packages(recursive) check parameters
[0.274s] Level 1:colcon.colcon_core.package_discovery:discover_packages(ignore) check parameters
[0.274s] Level 1:colcon.colcon_core.package_discovery:discover_packages(path) check parameters
[0.274s] Level 1:colcon.colcon_core.package_discovery:discover_packages(recursive) discover
[0.274s] INFO:colcon.colcon_core.package_discovery:Crawling recursively for packages in '/home/leeshin/unity_integration'
[0.274s] Level 1:colcon.colcon_core.package_identification:_identify(/home/leeshin/unity_integration) by extensions ['ignore', 'ignore_ament_install']
[0.274s] Level 1:colcon.colcon_core.package_identification:_identify(/home/leeshin/unity_integration) by extension 'ignore'
[0.275s] Level 1:colcon.colcon_core.package_identification:_identify(/home/leeshin/unity_integration) by extension 'ignore_ament_install'
[0.275s] Level 1:colcon.colcon_core.package_identification:_identify(/home/leeshin/unity_integration) by extensions ['colcon_pkg']
[0.275s] Level 1:colcon.colcon_core.package_identification:_identify(/home/leeshin/unity_integration) by extension 'colcon_pkg'
[0.275s] Level 1:colcon.colcon_core.package_identification:_identify(/home/leeshin/unity_integration) by extensions ['colcon_meta']
[0.275s] Level 1:colcon.colcon_core.package_identification:_identify(/home/leeshin/unity_integration) by extension 'colcon_meta'
[0.275s] Level 1:colcon.colcon_core.package_identification:_identify(/home/leeshin/unity_integration) by extensions ['ros']
[0.275s] Level 1:colcon.colcon_core.package_identification:_identify(/home/leeshin/unity_integration) by extension 'ros'
[0.302s] Level 1:colcon.colcon_core.package_identification:_identify(/home/leeshin/unity_integration) by extensions ['cmake', 'python']
[0.302s] Level 1:colcon.colcon_core.package_identification:_identify(/home/leeshin/unity_integration) by extension 'cmake'
[0.302s] Level 1:colcon.colcon_core.package_identification:_identify(/home/leeshin/unity_integration) by extension 'python'
[0.302s] Level 1:colcon.colcon_core.package_identification:_identify(/home/leeshin/unity_integration) by extensions ['python_setup_py']
[0.302s] Level 1:colcon.colcon_core.package_identification:_identify(/home/leeshin/unity_integration) by extension 'python_setup_py'
[0.303s] Level 1:colcon.colcon_core.package_identification:_identify(/home/leeshin/unity_integration/build) by extensions ['ignore', 'ignore_ament_install']
[0.303s] Level 1:colcon.colcon_core.package_identification:_identify(/home/leeshin/unity_integration/build) by extension 'ignore'
[0.303s] Level 1:colcon.colcon_core.package_identification:_identify(/home/leeshin/unity_integration/build) ignored
[0.303s] Level 1:colcon.colcon_core.package_identification:_identify(/home/leeshin/unity_integration/install) by extensions ['ignore', 'ignore_ament_install']
[0.303s] Level 1:colcon.colcon_core.package_identification:_identify(/home/leeshin/unity_integration/install) by extension 'ignore'
[0.303s] Level 1:colcon.colcon_core.package_identification:_identify(/home/leeshin/unity_integration/install) ignored
[0.303s] Level 1:colcon.colcon_core.package_identification:_identify(/home/leeshin/unity_integration/log) by extensions ['ignore', 'ignore_ament_install']
[0.303s] Level 1:colcon.colcon_core.package_identification:_identify(/home/leeshin/unity_integration/log) by extension 'ignore'
[0.303s] Level 1:colcon.colcon_core.package_identification:_identify(/home/leeshin/unity_integration/log) ignored
[0.303s] Level 1:colcon.colcon_core.package_identification:_identify(/home/leeshin/unity_integration/src) by extensions ['ignore', 'ignore_ament_install']
[0.303s] Level 1:colcon.colcon_core.package_identification:_identify(/home/leeshin/unity_integration/src) by extension 'ignore'
[0.303s] Level 1:colcon.colcon_core.package_identification:_identify(/home/leeshin/unity_integration/src) by extension 'ignore_ament_install'
[0.304s] Level 1:colcon.colcon_core.package_identification:_identify(/home/leeshin/unity_integration/src) by extensions ['colcon_pkg']
[0.304s] Level 1:colcon.colcon_core.package_identification:_identify(/home/leeshin/unity_integration/src) by extension 'colcon_pkg'
[0.304s] Level 1:colcon.colcon_core.package_identification:_identify(/home/leeshin/unity_integration/src) by extensions ['colcon_meta']
[0.304s] Level 1:colcon.colcon_core.package_identification:_identify(/home/leeshin/unity_integration/src) by extension 'colcon_meta'
[0.304s] Level 1:colcon.colcon_core.package_identification:_identify(/home/leeshin/unity_integration/src) by extensions ['ros']
[0.304s] Level 1:colcon.colcon_core.package_identification:_identify(/home/leeshin/unity_integration/src) by extension 'ros'
[0.304s] Level 1:colcon.colcon_core.package_identification:_identify(/home/leeshin/unity_integration/src) by extensions ['cmake', 'python']
[0.304s] Level 1:colcon.colcon_core.package_identification:_identify(/home/leeshin/unity_integration/src) by extension 'cmake'
[0.304s] Level 1:colcon.colcon_core.package_identification:_identify(/home/leeshin/unity_integration/src) by extension 'python'
[0.304s] Level 1:colcon.colcon_core.package_identification:_identify(/home/leeshin/unity_integration/src) by extensions ['python_setup_py']
[0.304s] Level 1:colcon.colcon_core.package_identification:_identify(/home/leeshin/unity_integration/src) by extension 'python_setup_py'
[0.304s] Level 1:colcon.colcon_core.package_identification:_identify(/home/leeshin/unity_integration/src/ROS-TCP-Endpoint) by extensions ['ignore', 'ignore_ament_install']
[0.304s] Level 1:colcon.colcon_core.package_identification:_identify(/home/leeshin/unity_integration/src/ROS-TCP-Endpoint) by extension 'ignore'
[0.304s] Level 1:colcon.colcon_core.package_identification:_identify(/home/leeshin/unity_integration/src/ROS-TCP-Endpoint) by extension 'ignore_ament_install'
[0.304s] Level 1:colcon.colcon_core.package_identification:_identify(/home/leeshin/unity_integration/src/ROS-TCP-Endpoint) by extensions ['colcon_pkg']
[0.304s] Level 1:colcon.colcon_core.package_identification:_identify(/home/leeshin/unity_integration/src/ROS-TCP-Endpoint) by extension 'colcon_pkg'
[0.304s] Level 1:colcon.colcon_core.package_identification:_identify(/home/leeshin/unity_integration/src/ROS-TCP-Endpoint) by extensions ['colcon_meta']
[0.304s] Level 1:colcon.colcon_core.package_identification:_identify(/home/leeshin/unity_integration/src/ROS-TCP-Endpoint) by extension 'colcon_meta'
[0.304s] Level 1:colcon.colcon_core.package_identification:_identify(/home/leeshin/unity_integration/src/ROS-TCP-Endpoint) by extensions ['ros']
[0.304s] Level 1:colcon.colcon_core.package_identification:_identify(/home/leeshin/unity_integration/src/ROS-TCP-Endpoint) by extension 'ros'
[0.307s] DEBUG:colcon.colcon_core.package_identification:Package '/home/leeshin/unity_integration/src/ROS-TCP-Endpoint' with type 'ros.ament_python' and name 'ros_tcp_endpoint'
[0.307s] Level 1:colcon.colcon_core.package_discovery:discover_packages(recursive) using defaults
