[0.557s] Invoking command in '/home/leeshin/pdr_ws/build/pdr_tools': PYTHONPATH=/home/leeshin/pdr_ws/build/pdr_tools/prefix_override:/usr/lib/python3/dist-packages/colcon_core/task/python/colcon_distutils_commands:/home/leeshin/pdr_ws/install/pdr_tools/lib/python3.10/site-packages:${PYTHONPATH} /usr/bin/python3 -W ignore:setup.py install is deprecated -W ignore:easy_install command is deprecated setup.py develop --editable --build-directory /home/leeshin/pdr_ws/build/pdr_tools/build --no-deps symlink_data
[0.774s] running develop
[0.943s] running egg_info
[0.943s] creating pdr_tools.egg-info
[0.943s] writing pdr_tools.egg-info/PKG-INFO
[0.943s] writing dependency_links to pdr_tools.egg-info/dependency_links.txt
[0.943s] writing entry points to pdr_tools.egg-info/entry_points.txt
[0.943s] writing requirements to pdr_tools.egg-info/requires.txt
[0.943s] writing top-level names to pdr_tools.egg-info/top_level.txt
[0.944s] writing manifest file 'pdr_tools.egg-info/SOURCES.txt'
[0.945s] reading manifest file 'pdr_tools.egg-info/SOURCES.txt'
[0.945s] writing manifest file 'pdr_tools.egg-info/SOURCES.txt'
[0.946s] running build_ext
[0.947s] Creating /home/leeshin/pdr_ws/install/pdr_tools/lib/python3.10/site-packages/pdr-tools.egg-link (link to .)
[0.947s] Installing pose_to_odom_path script to /home/leeshin/pdr_ws/install/pdr_tools/lib/pdr_tools
[0.947s] 
[0.947s] Installed /home/leeshin/pdr_ws/build/pdr_tools
[0.947s] running symlink_data
[0.947s] creating /home/leeshin/pdr_ws/install/pdr_tools/share/ament_index
[0.947s] creating /home/leeshin/pdr_ws/install/pdr_tools/share/ament_index/resource_index
[0.948s] creating /home/leeshin/pdr_ws/install/pdr_tools/share/ament_index/resource_index/packages
[0.948s] symbolically linking /home/leeshin/pdr_ws/build/pdr_tools/resource/pdr_tools -> /home/leeshin/pdr_ws/install/pdr_tools/share/ament_index/resource_index/packages
[0.948s] symbolically linking /home/leeshin/pdr_ws/build/pdr_tools/package.xml -> /home/leeshin/pdr_ws/install/pdr_tools/share/pdr_tools
[0.948s] creating /home/leeshin/pdr_ws/install/pdr_tools/share/pdr_tools/launch
[0.948s] symbolically linking /home/leeshin/pdr_ws/build/pdr_tools/launch/mobile_pose.launch.py -> /home/leeshin/pdr_ws/install/pdr_tools/share/pdr_tools/launch
[0.948s] creating /home/leeshin/pdr_ws/install/pdr_tools/share/pdr_tools/config
[0.948s] symbolically linking /home/leeshin/pdr_ws/build/pdr_tools/config/mobile_pose.yaml -> /home/leeshin/pdr_ws/install/pdr_tools/share/pdr_tools/config
[0.970s] Invoked command in '/home/leeshin/pdr_ws/build/pdr_tools' returned '0': PYTHONPATH=/home/leeshin/pdr_ws/build/pdr_tools/prefix_override:/usr/lib/python3/dist-packages/colcon_core/task/python/colcon_distutils_commands:/home/leeshin/pdr_ws/install/pdr_tools/lib/python3.10/site-packages:${PYTHONPATH} /usr/bin/python3 -W ignore:setup.py install is deprecated -W ignore:easy_install command is deprecated setup.py develop --editable --build-directory /home/leeshin/pdr_ws/build/pdr_tools/build --no-deps symlink_data
