[0.554s] Invoking command in '/home/leeshin/unity_integration/src/ROS-TCP-Endpoint': PYTHONPATH=/home/leeshin/unity_integration/build/ros_tcp_endpoint/prefix_override:/usr/lib/python3/dist-packages/colcon_core/task/python/colcon_distutils_commands:/home/leeshin/unity_integration/install/ros_tcp_endpoint/lib/python3.10/site-packages:${PYTHONPATH} /usr/bin/python3 -W ignore:setup.py install is deprecated -W ignore:easy_install command is deprecated setup.py egg_info --egg-base ../../build/ros_tcp_endpoint build --build-base /home/leeshin/unity_integration/build/ros_tcp_endpoint/build install --record /home/leeshin/unity_integration/build/ros_tcp_endpoint/install.log --install-scripts $base/lib/ros_tcp_endpoint --single-version-externally-managed install_data
[0.765s] /usr/lib/python3/dist-packages/setuptools/dist.py:723: UserWarning: Usage of dash-separated 'script-dir' will not be supported in future versions. Please use the underscore name 'script_dir' instead
[0.765s]   warnings.warn(
[0.772s] running egg_info
[0.772s] writing ../../build/ros_tcp_endpoint/ros_tcp_endpoint.egg-info/PKG-INFO
[0.772s] writing dependency_links to ../../build/ros_tcp_endpoint/ros_tcp_endpoint.egg-info/dependency_links.txt
[0.772s] writing entry points to ../../build/ros_tcp_endpoint/ros_tcp_endpoint.egg-info/entry_points.txt
[0.773s] writing requirements to ../../build/ros_tcp_endpoint/ros_tcp_endpoint.egg-info/requires.txt
[0.773s] writing top-level names to ../../build/ros_tcp_endpoint/ros_tcp_endpoint.egg-info/top_level.txt
[0.774s] reading manifest file '../../build/ros_tcp_endpoint/ros_tcp_endpoint.egg-info/SOURCES.txt'
[0.774s] adding license file 'LICENSE'
[0.775s] writing manifest file '../../build/ros_tcp_endpoint/ros_tcp_endpoint.egg-info/SOURCES.txt'
[0.775s] running build
[0.775s] running build_py
[0.775s] copying ros_tcp_endpoint/subscriber.py -> /home/leeshin/unity_integration/build/ros_tcp_endpoint/build/lib/ros_tcp_endpoint
[0.776s] running install
[0.776s] running install_lib
[0.777s] copying /home/leeshin/unity_integration/build/ros_tcp_endpoint/build/lib/ros_tcp_endpoint/subscriber.py -> /home/leeshin/unity_integration/install/ros_tcp_endpoint/lib/python3.10/site-packages/ros_tcp_endpoint
[0.777s] byte-compiling /home/leeshin/unity_integration/install/ros_tcp_endpoint/lib/python3.10/site-packages/ros_tcp_endpoint/subscriber.py to subscriber.cpython-310.pyc
[0.778s] running install_data
[0.778s] running install_egg_info
[0.779s] removing '/home/leeshin/unity_integration/install/ros_tcp_endpoint/lib/python3.10/site-packages/ros_tcp_endpoint-0.0.1-py3.10.egg-info' (and everything under it)
[0.779s] Copying ../../build/ros_tcp_endpoint/ros_tcp_endpoint.egg-info to /home/leeshin/unity_integration/install/ros_tcp_endpoint/lib/python3.10/site-packages/ros_tcp_endpoint-0.0.1-py3.10.egg-info
[0.780s] running install_scripts
[0.796s] Installing default_server_endpoint script to /home/leeshin/unity_integration/install/ros_tcp_endpoint/lib/ros_tcp_endpoint
[0.796s] writing list of installed files to '/home/leeshin/unity_integration/build/ros_tcp_endpoint/install.log'
[0.815s] Invoked command in '/home/leeshin/unity_integration/src/ROS-TCP-Endpoint' returned '0': PYTHONPATH=/home/leeshin/unity_integration/build/ros_tcp_endpoint/prefix_override:/usr/lib/python3/dist-packages/colcon_core/task/python/colcon_distutils_commands:/home/leeshin/unity_integration/install/ros_tcp_endpoint/lib/python3.10/site-packages:${PYTHONPATH} /usr/bin/python3 -W ignore:setup.py install is deprecated -W ignore:easy_install command is deprecated setup.py egg_info --egg-base ../../build/ros_tcp_endpoint build --build-base /home/leeshin/unity_integration/build/ros_tcp_endpoint/build install --record /home/leeshin/unity_integration/build/ros_tcp_endpoint/install.log --install-scripts $base/lib/ros_tcp_endpoint --single-version-externally-managed install_data
