[0.093s] DEBUG:colcon:Command line arguments: ['/usr/bin/colcon', 'list', '-p', '--base-paths', '/home/leeshin/imu_publisher']
[0.093s] DEBUG:colcon:Parsed command line arguments: Namespace(log_base=None, log_level=None, verb_name='list', build_base='build', ignore_user_meta=False, metas=['./colcon.meta'], base_paths=['/home/leeshin/imu_publisher'], packages_ignore=None, packages_ignore_regex=None, paths=None, packages_up_to=None, packages_up_to_regex=None, packages_above=None, packages_above_and_dependencies=None, packages_above_depth=None, packages_select_by_dep=None, packages_skip_by_dep=None, packages_skip_up_to=None, packages_select_build_failed=False, packages_skip_build_finished=False, packages_select_test_failures=False, packages_skip_test_passed=False, packages_select=None, packages_skip=None, packages_select_regex=None, packages_skip_regex=None, packages_start=None, packages_end=None, allow_overriding=[], topological_order=False, names_only=False, paths_only=True, topological_graph=False, topological_graph_dot=False, topological_graph_density=False, topological_graph_legend=False, topological_graph_dot_cluster=False, topological_graph_dot_include_skipped=False, mixin_files=None, mixin=None, verb_parser=<colcon_mixin.mixin.mixin_argument.MixinArgumentDecorator object at 0x725efabb7370>, verb_extension=<colcon_package_information.verb.list.ListVerb object at 0x725efabb6590>, main=<bound method ListVerb.main of <colcon_package_information.verb.list.ListVerb object at 0x725efabb6590>>, mixin_verb=('list',))
[0.295s] Level 1:colcon.colcon_core.package_discovery:discover_packages(colcon_meta) check parameters
[0.295s] Level 1:colcon.colcon_core.package_discovery:discover_packages(recursive) check parameters
[0.295s] Level 1:colcon.colcon_core.package_discovery:discover_packages(ignore) check parameters
[0.295s] Level 1:colcon.colcon_core.package_discovery:discover_packages(path) check parameters
[0.295s] Level 1:colcon.colcon_core.package_discovery:discover_packages(recursive) discover
[0.295s] INFO:colcon.colcon_core.package_discovery:Crawling recursively for packages in '/home/leeshin/imu_publisher'
[0.295s] Level 1:colcon.colcon_core.package_identification:_identify(/home/leeshin/imu_publisher) by extensions ['ignore', 'ignore_ament_install']
[0.295s] Level 1:colcon.colcon_core.package_identification:_identify(/home/leeshin/imu_publisher) by extension 'ignore'
[0.295s] Level 1:colcon.colcon_core.package_identification:_identify(/home/leeshin/imu_publisher) by extension 'ignore_ament_install'
[0.295s] Level 1:colcon.colcon_core.package_identification:_identify(/home/leeshin/imu_publisher) by extensions ['colcon_pkg']
[0.295s] Level 1:colcon.colcon_core.package_identification:_identify(/home/leeshin/imu_publisher) by extension 'colcon_pkg'
[0.295s] Level 1:colcon.colcon_core.package_identification:_identify(/home/leeshin/imu_publisher) by extensions ['colcon_meta']
[0.295s] Level 1:colcon.colcon_core.package_identification:_identify(/home/leeshin/imu_publisher) by extension 'colcon_meta'
[0.296s] Level 1:colcon.colcon_core.package_identification:_identify(/home/leeshin/imu_publisher) by extensions ['ros']
[0.296s] Level 1:colcon.colcon_core.package_identification:_identify(/home/leeshin/imu_publisher) by extension 'ros'
[0.327s] Level 1:colcon.colcon_core.package_identification:_identify(/home/leeshin/imu_publisher) by extensions ['cmake', 'python']
[0.327s] Level 1:colcon.colcon_core.package_identification:_identify(/home/leeshin/imu_publisher) by extension 'cmake'
[0.327s] Level 1:colcon.colcon_core.package_identification:_identify(/home/leeshin/imu_publisher) by extension 'python'
[0.327s] Level 1:colcon.colcon_core.package_identification:_identify(/home/leeshin/imu_publisher) by extensions ['python_setup_py']
[0.327s] Level 1:colcon.colcon_core.package_identification:_identify(/home/leeshin/imu_publisher) by extension 'python_setup_py'
[0.328s] Level 1:colcon.colcon_core.package_identification:_identify(/home/leeshin/imu_publisher/build) by extensions ['ignore', 'ignore_ament_install']
[0.328s] Level 1:colcon.colcon_core.package_identification:_identify(/home/leeshin/imu_publisher/build) by extension 'ignore'
[0.328s] Level 1:colcon.colcon_core.package_identification:_identify(/home/leeshin/imu_publisher/build) ignored
[0.328s] Level 1:colcon.colcon_core.package_identification:_identify(/home/leeshin/imu_publisher/install) by extensions ['ignore', 'ignore_ament_install']
[0.328s] Level 1:colcon.colcon_core.package_identification:_identify(/home/leeshin/imu_publisher/install) by extension 'ignore'
[0.328s] Level 1:colcon.colcon_core.package_identification:_identify(/home/leeshin/imu_publisher/install) ignored
[0.328s] Level 1:colcon.colcon_core.package_identification:_identify(/home/leeshin/imu_publisher/log) by extensions ['ignore', 'ignore_ament_install']
[0.328s] Level 1:colcon.colcon_core.package_identification:_identify(/home/leeshin/imu_publisher/log) by extension 'ignore'
[0.328s] Level 1:colcon.colcon_core.package_identification:_identify(/home/leeshin/imu_publisher/log) ignored
[0.328s] Level 1:colcon.colcon_core.package_identification:_identify(/home/leeshin/imu_publisher/src) by extensions ['ignore', 'ignore_ament_install']
[0.328s] Level 1:colcon.colcon_core.package_identification:_identify(/home/leeshin/imu_publisher/src) by extension 'ignore'
[0.328s] Level 1:colcon.colcon_core.package_identification:_identify(/home/leeshin/imu_publisher/src) by extension 'ignore_ament_install'
[0.329s] Level 1:colcon.colcon_core.package_identification:_identify(/home/leeshin/imu_publisher/src) by extensions ['colcon_pkg']
[0.329s] Level 1:colcon.colcon_core.package_identification:_identify(/home/leeshin/imu_publisher/src) by extension 'colcon_pkg'
[0.329s] Level 1:colcon.colcon_core.package_identification:_identify(/home/leeshin/imu_publisher/src) by extensions ['colcon_meta']
[0.329s] Level 1:colcon.colcon_core.package_identification:_identify(/home/leeshin/imu_publisher/src) by extension 'colcon_meta'
[0.329s] Level 1:colcon.colcon_core.package_identification:_identify(/home/leeshin/imu_publisher/src) by extensions ['ros']
[0.329s] Level 1:colcon.colcon_core.package_identification:_identify(/home/leeshin/imu_publisher/src) by extension 'ros'
[0.329s] Level 1:colcon.colcon_core.package_identification:_identify(/home/leeshin/imu_publisher/src) by extensions ['cmake', 'python']
[0.329s] Level 1:colcon.colcon_core.package_identification:_identify(/home/leeshin/imu_publisher/src) by extension 'cmake'
[0.329s] Level 1:colcon.colcon_core.package_identification:_identify(/home/leeshin/imu_publisher/src) by extension 'python'
[0.329s] Level 1:colcon.colcon_core.package_identification:_identify(/home/leeshin/imu_publisher/src) by extensions ['python_setup_py']
[0.329s] Level 1:colcon.colcon_core.package_identification:_identify(/home/leeshin/imu_publisher/src) by extension 'python_setup_py'
[0.329s] Level 1:colcon.colcon_core.package_identification:_identify(/home/leeshin/imu_publisher/src/mobile_sensor) by extensions ['ignore', 'ignore_ament_install']
[0.329s] Level 1:colcon.colcon_core.package_identification:_identify(/home/leeshin/imu_publisher/src/mobile_sensor) by extension 'ignore'
[0.329s] Level 1:colcon.colcon_core.package_identification:_identify(/home/leeshin/imu_publisher/src/mobile_sensor) by extension 'ignore_ament_install'
[0.329s] Level 1:colcon.colcon_core.package_identification:_identify(/home/leeshin/imu_publisher/src/mobile_sensor) by extensions ['colcon_pkg']
[0.329s] Level 1:colcon.colcon_core.package_identification:_identify(/home/leeshin/imu_publisher/src/mobile_sensor) by extension 'colcon_pkg'
[0.329s] Level 1:colcon.colcon_core.package_identification:_identify(/home/leeshin/imu_publisher/src/mobile_sensor) by extensions ['colcon_meta']
[0.329s] Level 1:colcon.colcon_core.package_identification:_identify(/home/leeshin/imu_publisher/src/mobile_sensor) by extension 'colcon_meta'
[0.329s] Level 1:colcon.colcon_core.package_identification:_identify(/home/leeshin/imu_publisher/src/mobile_sensor) by extensions ['ros']
[0.329s] Level 1:colcon.colcon_core.package_identification:_identify(/home/leeshin/imu_publisher/src/mobile_sensor) by extension 'ros'
[0.332s] DEBUG:colcon.colcon_core.package_identification:Package '/home/leeshin/imu_publisher/src/mobile_sensor' with type 'ros.ament_cmake' and name 'mobile_sensor'
[0.332s] Level 1:colcon.colcon_core.package_discovery:discover_packages(recursive) using defaults
