[0.587s] Invoking command in '/home/leeshin/unity_integration/build/ros_tcp_endpoint': PYTHONPATH=/home/leeshin/unity_integration/build/ros_tcp_endpoint/prefix_override:/usr/lib/python3/dist-packages/colcon_core/task/python/colcon_distutils_commands:/home/leeshin/unity_integration/install/ros_tcp_endpoint/lib/python3.10/site-packages:${PYTHONPATH} /usr/bin/python3 -W ignore:setup.py install is deprecated -W ignore:easy_install command is deprecated setup.py develop --editable --build-directory /home/leeshin/unity_integration/build/ros_tcp_endpoint/build --no-deps symlink_data
[0.796s] /usr/lib/python3/dist-packages/setuptools/dist.py:723: UserWarning: Usage of dash-separated 'script-dir' will not be supported in future versions. Please use the underscore name 'script_dir' instead
[0.796s]   warnings.warn(
[0.825s] running develop
[1.003s] running egg_info
[1.003s] creating ros_tcp_endpoint.egg-info
[1.003s] writing ros_tcp_endpoint.egg-info/PKG-INFO
[1.003s] writing dependency_links to ros_tcp_endpoint.egg-info/dependency_links.txt
[1.003s] writing entry points to ros_tcp_endpoint.egg-info/entry_points.txt
[1.003s] writing requirements to ros_tcp_endpoint.egg-info/requires.txt
[1.003s] writing top-level names to ros_tcp_endpoint.egg-info/top_level.txt
[1.004s] writing manifest file 'ros_tcp_endpoint.egg-info/SOURCES.txt'
[1.005s] reading manifest file 'ros_tcp_endpoint.egg-info/SOURCES.txt'
[1.005s] writing manifest file 'ros_tcp_endpoint.egg-info/SOURCES.txt'
[1.006s] running build_ext
[1.006s] Creating /home/leeshin/unity_integration/install/ros_tcp_endpoint/lib/python3.10/site-packages/ros-tcp-endpoint.egg-link (link to .)
[1.007s] Installing default_server_endpoint script to /home/leeshin/unity_integration/install/ros_tcp_endpoint/lib/ros_tcp_endpoint
[1.007s] 
[1.007s] Installed /home/leeshin/unity_integration/build/ros_tcp_endpoint
[1.007s] running symlink_data
[1.007s] creating /home/leeshin/unity_integration/install/ros_tcp_endpoint/share/ament_index
[1.007s] creating /home/leeshin/unity_integration/install/ros_tcp_endpoint/share/ament_index/resource_index
[1.008s] creating /home/leeshin/unity_integration/install/ros_tcp_endpoint/share/ament_index/resource_index/packages
[1.008s] symbolically linking /home/leeshin/unity_integration/build/ros_tcp_endpoint/resource/ros_tcp_endpoint -> /home/leeshin/unity_integration/install/ros_tcp_endpoint/share/ament_index/resource_index/packages
[1.008s] symbolically linking /home/leeshin/unity_integration/build/ros_tcp_endpoint/package.xml -> /home/leeshin/unity_integration/install/ros_tcp_endpoint/share/ros_tcp_endpoint
[1.008s] creating /home/leeshin/unity_integration/install/ros_tcp_endpoint/share/ros_tcp_endpoint/launch
[1.008s] symbolically linking /home/leeshin/unity_integration/build/ros_tcp_endpoint/launch/endpoint.py -> /home/leeshin/unity_integration/install/ros_tcp_endpoint/share/ros_tcp_endpoint/launch
[1.028s] Invoked command in '/home/leeshin/unity_integration/build/ros_tcp_endpoint' returned '0': PYTHONPATH=/home/leeshin/unity_integration/build/ros_tcp_endpoint/prefix_override:/usr/lib/python3/dist-packages/colcon_core/task/python/colcon_distutils_commands:/home/leeshin/unity_integration/install/ros_tcp_endpoint/lib/python3.10/site-packages:${PYTHONPATH} /usr/bin/python3 -W ignore:setup.py install is deprecated -W ignore:easy_install command is deprecated setup.py develop --editable --build-directory /home/leeshin/unity_integration/build/ros_tcp_endpoint/build --no-deps symlink_data
